DocxToPdf.Sdk - Demo

Conversione DOCX → PDF (PdfSharp)
  Input:  samples/simple-spacing.docx
  Output: out/simple-spacing-pdfsharp.pdf

Unhandled exception. System.TypeInitializationException: The type initializer for 'Gdip' threw an exception.
 ---> System.PlatformNotSupportedException: System.Drawing.Common is not supported on non-Windows platforms. See https://aka.ms/systemdrawingnonwindows for more information.
   at System.Drawing.SafeNativeMethods.Gdip.<>c.<.cctor>b__2_0(String _, Assembly _, Nullable`1 _)
   at System.Runtime.InteropServices.NativeLibrary.LoadLibraryCallbackStub(String libraryName, Assembly assembly, Boolean hasDllImportSearchPathFlags, UInt32 dllImportSearchPathFlags)
   at System.Drawing.SafeNativeMethods.Gdip.<GdiplusStartup>g____PInvoke|32_0(IntPtr* __token_native, StartupInputEx* __input_native, StartupOutput* __output_native)
   at System.Drawing.SafeNativeMethods.Gdip.<GdiplusStartup>g____PInvoke|32_0(IntPtr* __token_native, StartupInputEx* __input_native, StartupOutput* __output_native)
   at System.Drawing.SafeNativeMethods.Gdip.GdiplusStartup(IntPtr& token, StartupInputEx& input, StartupOutput& output)
   at System.Drawing.SafeNativeMethods.Gdip..cctor()
   --- End of inner exception stack trace ---
   at System.Drawing.SafeNativeMethods.Gdip.GdipCreateFontFamilyFromName(String name, HandleRef fontCollection, IntPtr& FontFamily)
   at System.Drawing.FontFamily.CreateFontFamily(String name, FontCollection fontCollection)
   at System.Drawing.FontFamily..ctor(String name, Boolean createDefaultOnFail)
   at System.Drawing.Font.Initialize(String familyName, Single emSize, FontStyle style, GraphicsUnit unit, Byte gdiCharSet, Boolean gdiVerticalFont)
   at System.Drawing.Font..ctor(String familyName, Single emSize, FontStyle style, GraphicsUnit unit)
   at PdfSharp.Drawing.FontHelper.CreateFont(String familyName, Double emSize, FontStyle style, XFontSource& fontSource)
   at PdfSharp.Fonts.PlatformFontResolver.CreateFontSource(String familyName, FontResolvingOptions fontResolvingOptions, Font& font, String typefaceKey)
   at PdfSharp.Fonts.PlatformFontResolver.ResolveTypeface(String familyName, FontResolvingOptions fontResolvingOptions, String typefaceKey)
   at PdfSharp.Fonts.FontFactory.ResolveTypeface(String familyName, FontResolvingOptions fontResolvingOptions, String typefaceKey)
   at PdfSharp.Drawing.XGlyphTypeface.GetOrCreateFrom(String familyName, FontResolvingOptions fontResolvingOptions)
   at PdfSharp.Drawing.XFont.Initialize()
   at PdfSharp.Drawing.XFont..ctor(String familyName, Double emSize, XFontStyle style, XPdfFontOptions pdfOptions)
   at PdfSharp.Drawing.XFont..ctor(String familyName, Double emSize, XFontStyle style)
   at DocxToPdf.Demo.Program.ConvertWithPdfSharp(String docxPath, String pdfPath) in /Users/politom/Documents/Workspace/personal/DocxToPdf/DocxToPdf.Demo/Program.cs:line 206
   at DocxToPdf.Demo.Program.HandleRenderPdfSharpCommand(String[] args) in /Users/politom/Documents/Workspace/personal/DocxToPdf/DocxToPdf.Demo/Program.cs:line 127
   at DocxToPdf.Demo.Program.Main(String[] args) in /Users/politom/Documents/Workspace/personal/DocxToPdf/DocxToPdf.Demo/Program.cs:line 27
