DocxToPdf.Sdk - Demo

Conversione DOCX → PDF
  Input:  samples/tabs-alignment.docx
  Output: out/tabs-alignment.pdf

Section: page=612,00x792,00 margins L=72,00 T=72,00 R=72,00 B=72,00
Paragraph 1: spacingBefore=0,00 spacingAfter=8,00 lineSpacingRule=Auto lineSpacingValue=1,15x leftIndent=0,00 firstLine=0,00 subsequent=0,00 hanging=0,00
Paragraph 1 line 1: baseline=83,27 currentY=72,00 lineSpacing=16,85 width=130,95/468,00
Run 'Tabs' font=Aptos size=12,00 bold=False italic=False kerning=True
Run ' ' font=Aptos size=12,00 bold=False italic=False kerning=True
Run '&' font=Aptos size=12,00 bold=False italic=False kerning=True
Run ' ' font=Aptos size=12,00 bold=False italic=False kerning=True
Run 'Alignment' font=Aptos size=12,00 bold=False italic=False kerning=True
Run ' ' font=Aptos size=12,00 bold=False italic=False kerning=True
Run 'Sample' font=Aptos size=12,00 bold=False italic=False kerning=True
Paragraph 2: spacingBefore=0,00 spacingAfter=8,00 lineSpacingRule=Auto lineSpacingValue=1,15x leftIndent=0,00 firstLine=0,00 subsequent=0,00 hanging=0,00
[tabs] Tab align=Left target=72,0pt span=52,1 leader=None
[tabs] Tab align=Center target=144,0pt span=23,3 leader=None
Paragraph 2 line 1: baseline=108,11 currentY=96,85 lineSpacing=16,85 width=157,22/468,00
Run 'Left' font=Aptos size=12,00 bold=False italic=False kerning=True
Run 'Center' font=Aptos size=12,00 bold=False italic=False kerning=True
Run 'Right' font=Aptos size=12,00 bold=False italic=False kerning=True
Paragraph 3: spacingBefore=0,00 spacingAfter=8,00 lineSpacingRule=Auto lineSpacingValue=1,15x leftIndent=0,00 firstLine=0,00 subsequent=0,00 hanging=0,00
[tabs] Decimal target=144,0 currentWidth=36,6 beforeDecimal=19,3 total=35,5 hasDecimal=True
[tabs] Tab align=Decimal target=144,0pt span=88,1 leader=None
[tabs] Decimal target=216,0 currentWidth=160,3 beforeDecimal=29,1 total=29,1 hasDecimal=False
[tabs] Tab align=Decimal target=216,0pt span=26,6 leader=None
Paragraph 3 line 1: baseline=132,96 currentY=121,69 lineSpacing=16,85 width=216,00/468,00
Run 'Budget' font=Aptos size=12,00 bold=False italic=False kerning=True
Run '123.45' font=Aptos size=12,00 bold=False italic=False kerning=True
Run '67,89' font=Aptos size=12,00 bold=False italic=False kerning=True
Paragraph 4: spacingBefore=0,00 spacingAfter=8,00 lineSpacingRule=Auto lineSpacingValue=1,15x leftIndent=0,00 firstLine=0,00 subsequent=0,00 hanging=0,00
[tabs] Tab align=Left target=108,0pt span=68,9 leader=None
[tabs] Tab align=Left target=144,0pt span=36,0 leader=None
Paragraph 4 line 1: baseline=157,80 currentY=146,54 lineSpacing=16,85 width=210,89/468,00
Run 'Agenda' font=Aptos size=12,00 bold=False italic=False kerning=True
Run '09:00' font=Aptos size=12,00 bold=False italic=False kerning=True
Run ' ' font=Aptos size=12,00 bold=False italic=False kerning=True
Run 'Kickoff' font=Aptos size=12,00 bold=False italic=False kerning=True
Paragraph 5: spacingBefore=0,00 spacingAfter=8,00 lineSpacingRule=Auto lineSpacingValue=1,15x leftIndent=0,00 firstLine=0,00 subsequent=0,00 hanging=0,00
[tabs] Tab align=Left target=72,0pt span=34,0 leader=None
[tabs] Tab align=Left target=108,0pt span=12,3 leader=None
Paragraph 5 line 1: baseline=182,65 currentY=171,38 lineSpacing=16,85 width=149,48/468,00
Run 'Default' font=Aptos size=12,00 bold=False italic=False kerning=True
Run 'Tabs' font=Aptos size=12,00 bold=False italic=False kerning=True
Run 'Spacing' font=Aptos size=12,00 bold=False italic=False kerning=True
Paragraph 6: spacingBefore=0,00 spacingAfter=8,00 lineSpacingRule=Auto lineSpacingValue=1,15x leftIndent=0,00 firstLine=0,00 subsequent=0,00 hanging=0,00
[spacing] Paragraph 6 line 1 mode=Justified spaces=12 extra=31,24 basePerSpace=2,604
Paragraph 6 line 1: baseline=207,50 currentY=196,23 lineSpacing=16,85 width=436,76/468,00
Run 'Justified' font=Aptos size=12,00 bold=False italic=False kerning=True
Run ' ' font=Aptos size=12,00 bold=False italic=False kerning=True
Run 'text' font=Aptos size=12,00 bold=False italic=False kerning=True
Run ' ' font=Aptos size=12,00 bold=False italic=False kerning=True
Run 'demonstrates' font=Aptos size=12,00 bold=False italic=False kerning=True
Run ' ' font=Aptos size=12,00 bold=False italic=False kerning=True
Run 'spacing' font=Aptos size=12,00 bold=False italic=False kerning=True
Run ' ' font=Aptos size=12,00 bold=False italic=False kerning=True
Run 'expansion' font=Aptos size=12,00 bold=False italic=False kerning=True
Run ' ' font=Aptos size=12,00 bold=False italic=False kerning=True
Run 'across' font=Aptos size=12,00 bold=False italic=False kerning=True
Run ' ' font=Aptos size=12,00 bold=False italic=False kerning=True
Run 'the' font=Aptos size=12,00 bold=False italic=False kerning=True
Run ' ' font=Aptos size=12,00 bold=False italic=False kerning=True
Run 'entire' font=Aptos size=12,00 bold=False italic=False kerning=True
Run ' ' font=Aptos size=12,00 bold=False italic=False kerning=True
Run 'line' font=Aptos size=12,00 bold=False italic=False kerning=True
Run ' ' font=Aptos size=12,00 bold=False italic=False kerning=True
Run 'for' font=Aptos size=12,00 bold=False italic=False kerning=True
Run ' ' font=Aptos size=12,00 bold=False italic=False kerning=True
Run 'classic' font=Aptos size=12,00 bold=False italic=False kerning=True
Run ' ' font=Aptos size=12,00 bold=False italic=False kerning=True
Run 'prose' font=Aptos size=12,00 bold=False italic=False kerning=True
Run ' ' font=Aptos size=12,00 bold=False italic=False kerning=True
[spacing] line end=468,00 target=468,00
Paragraph 6 line 2: baseline=224,34 currentY=213,07 lineSpacing=16,85 width=41,04/468,00
Run 'layouts.' font=Aptos size=12,00 bold=False italic=False kerning=True
Paragraph 7: spacingBefore=0,00 spacingAfter=8,00 lineSpacingRule=Auto lineSpacingValue=1,15x leftIndent=0,00 firstLine=0,00 subsequent=0,00 hanging=0,00
[spacing] Paragraph 7 line 1 mode=Distributed spaces=9 extra=112,43 basePerSpace=12,492
Paragraph 7 line 1: baseline=249,19 currentY=237,92 lineSpacing=16,85 width=355,57/468,00
Run 'Distributed' font=Aptos size=12,00 bold=False italic=False kerning=True
Run ' ' font=Aptos size=12,00 bold=False italic=False kerning=True
Run 'alignment' font=Aptos size=12,00 bold=False italic=False kerning=True
Run ' ' font=Aptos size=12,00 bold=False italic=False kerning=True
Run 'keeps' font=Aptos size=12,00 bold=False italic=False kerning=True
Run ' ' font=Aptos size=12,00 bold=False italic=False kerning=True
Run 'columns' font=Aptos size=12,00 bold=False italic=False kerning=True
Run ' ' font=Aptos size=12,00 bold=False italic=False kerning=True
Run 'balanced' font=Aptos size=12,00 bold=False italic=False kerning=True
Run ' ' font=Aptos size=12,00 bold=False italic=False kerning=True
Run 'even' font=Aptos size=12,00 bold=False italic=False kerning=True
Run ' ' font=Aptos size=12,00 bold=False italic=False kerning=True
Run 'on' font=Aptos size=12,00 bold=False italic=False kerning=True
Run ' ' font=Aptos size=12,00 bold=False italic=False kerning=True
Run 'the' font=Aptos size=12,00 bold=False italic=False kerning=True
Run ' ' font=Aptos size=12,00 bold=False italic=False kerning=True
Run 'final' font=Aptos size=12,00 bold=False italic=False kerning=True
Run ' ' font=Aptos size=12,00 bold=False italic=False kerning=True
Run 'line.' font=Aptos size=12,00 bold=False italic=False kerning=True
[spacing] line end=468,00 target=468,00
Paragraph 8: spacingBefore=0,00 spacingAfter=8,00 lineSpacingRule=Auto lineSpacingValue=1,15x leftIndent=0,00 firstLine=0,00 subsequent=0,00 hanging=0,00
[tabs] Tab align=Left target=0,4pt span=0,4 leader=None
Paragraph 8 line 1: baseline=274,03 currentY=262,77 lineSpacing=16,85 width=70,59/468,00
Run 'Positional' font=Aptos size=12,00 bold=False italic=False kerning=True
Run ' ' font=Aptos size=12,00 bold=False italic=False kerning=True
Run 'tab' font=Aptos size=12,00 bold=False italic=False kerning=True
Paragraph 8 line 2: baseline=290,88 currentY=279,61 lineSpacing=16,85 width=9,43/468,00
Run '✓' font=Aptos size=12,00 bold=False italic=False kerning=True

✓ Conversione completata!
  Percorso: out/tabs-alignment.pdf
  Dimensione: 117.051 bytes
